  [1m[36m (0.9ms)[0m  [1mCREATE TABLE "authors" ("id" INTEGER PRIMARY KEY AUTOINCREMENT NOT NULL, "name" varchar, "genre" varchar, "bio" text, "created_at" datetime NOT NULL, "updated_at" datetime NOT NULL) [0m
  [1m[35m (0.6ms)[0m  CREATE TABLE "posts" ("id" INTEGER PRIMARY KEY AUTOINCREMENT NOT NULL, "title" varchar, "description" text, "created_at" datetime NOT NULL, "updated_at" datetime NOT NULL, "post_status" boolean, "author_id" integer) 
  [1m[36m (0.8ms)[0m  [1mCREATE TABLE "schema_migrations" ("version" varchar NOT NULL) [0m
  [1m[35m (0.4ms)[0m  select sqlite_version(*)
  [1m[36m (0.6ms)[0m  [1mCREATE UNIQUE INDEX "unique_schema_migrations" ON "schema_migrations" ("version")[0m
  [1m[35m (0.1ms)[0m  SELECT version FROM "schema_migrations"
  [1m[36m (0.5ms)[0m  [1mINSERT INTO "schema_migrations" (version) VALUES ('20160113011820')[0m
  [1m[35m (0.9ms)[0m  INSERT INTO "schema_migrations" (version) VALUES ('20151230232412')
  [1m[36m (0.6ms)[0m  [1mINSERT INTO "schema_migrations" (version) VALUES ('20160113011041')[0m
  [1m[35m (0.6ms)[0m  INSERT INTO "schema_migrations" (version) VALUES ('20160113011150')
  [1m[36m (0.7ms)[0m  [1mCREATE TABLE "authors" ("id" INTEGER PRIMARY KEY AUTOINCREMENT NOT NULL, "name" varchar, "genre" varchar, "bio" text, "created_at" datetime NOT NULL, "updated_at" datetime NOT NULL) [0m
  [1m[35m (0.6ms)[0m  CREATE TABLE "posts" ("id" INTEGER PRIMARY KEY AUTOINCREMENT NOT NULL, "title" varchar, "description" text, "created_at" datetime NOT NULL, "updated_at" datetime NOT NULL, "post_status" boolean, "author_id" integer) 
  [1m[36m (0.6ms)[0m  [1mCREATE TABLE "schema_migrations" ("version" varchar NOT NULL) [0m
  [1m[35m (0.0ms)[0m  select sqlite_version(*)
  [1m[36m (0.6ms)[0m  [1mCREATE UNIQUE INDEX "unique_schema_migrations" ON "schema_migrations" ("version")[0m
  [1m[35m (0.1ms)[0m  SELECT version FROM "schema_migrations"
  [1m[36m (0.6ms)[0m  [1mINSERT INTO "schema_migrations" (version) VALUES ('20160113011820')[0m
  [1m[35m (0.7ms)[0m  INSERT INTO "schema_migrations" (version) VALUES ('20151230232412')
  [1m[36m (0.6ms)[0m  [1mINSERT INTO "schema_migrations" (version) VALUES ('20160113011041')[0m
  [1m[35m (0.6ms)[0m  INSERT INTO "schema_migrations" (version) VALUES ('20160113011150')
  [1m[36mActiveRecord::SchemaMigration Load (0.1ms)[0m  [1mSELECT "schema_migrations".* FROM "schema_migrations"[0m
  [1m[36m (0.1ms)[0m  [1mbegin transaction[0m
  [1m[35m (0.1ms)[0m  rollback transaction
  [1m[36m (0.1ms)[0m  [1mbegin transaction[0m
  [1m[35mSQL (0.4ms)[0m  INSERT INTO "posts" ("title", "description", "created_at", "updated_at") VALUES (?, ?, ?, ?)  [["title", "Testing"], ["description", "testing"], ["created_at", "2016-01-26 15:06:03.106369"], ["updated_at", "2016-01-26 15:06:03.106369"]]
  [1m[36m (0.7ms)[0m  [1mcommit transaction[0m


Started GET "/posts/1" for ::1 at 2017-06-16 16:05:57 -0400
  [1m[36mActiveRecord::SchemaMigration Load (0.5ms)[0m  [1mSELECT "schema_migrations".* FROM "schema_migrations"[0m
Processing by PostsController#show as HTML
  Parameters: {"id"=>"1"}
  [1m[35mPost Load (1.4ms)[0m  SELECT  "posts".* FROM "posts" WHERE "posts"."id" = ? LIMIT 1  [["id", 1]]
  Rendered posts/show.html.erb within layouts/application (1.7ms)
Completed 200 OK in 1493ms (Views: 1448.6ms | ActiveRecord: 2.0ms)


Started GET "/assets/authors.self-e3b0c44298fc1c149afbf4c8996fb92427ae41e4649b934ca495991b7852b855.css?body=1" for ::1 at 2017-06-16 16:05:59 -0400


Started GET "/assets/authors.self-877aef30ae1b040ab8a3aba4e3e309a11d7f2612f44dde450b5c157aa5f95c05.js?body=1" for ::1 at 2017-06-16 16:05:59 -0400


Started GET "/posts/1" for ::1 at 2017-06-16 16:06:43 -0400
Processing by PostsController#show as HTML
  Parameters: {"id"=>"1"}
  [1m[36mPost Load (0.1ms)[0m  [1mSELECT  "posts".* FROM "posts" WHERE "posts"."id" = ? LIMIT 1[0m  [["id", 1]]
  Rendered posts/show.html.erb within layouts/application (0.7ms)
Completed 200 OK in 30ms (Views: 28.6ms | ActiveRecord: 0.1ms)


Started GET "/posts/1" for ::1 at 2017-06-16 16:09:51 -0400
Processing by PostsController#show as HTML
  Parameters: {"id"=>"1"}
Completed 500 Internal Server Error in 18ms (ActiveRecord: 0.4ms)

NoMethodError (undefined method `helper_method' for #<Class:0x007fd7091ab2a0>):
  app/models/post.rb:7:in `<class:Post>'
  app/models/post.rb:1:in `<top (required)>'
  app/controllers/posts_controller.rb:7:in `show'


  Rendered /Users/Lili/.rvm/gems/ruby-2.3.1/gems/actionpack-4.2.5/lib/action_dispatch/middleware/templates/rescues/_source.erb (4.5ms)
  Rendered /Users/Lili/.rvm/gems/ruby-2.3.1/gems/actionpack-4.2.5/lib/action_dispatch/middleware/templates/rescues/_trace.html.erb (2.2ms)
  Rendered /Users/Lili/.rvm/gems/ruby-2.3.1/gems/actionpack-4.2.5/lib/action_dispatch/middleware/templates/rescues/_request_and_response.html.erb (1.1ms)
  Rendered /Users/Lili/.rvm/gems/ruby-2.3.1/gems/actionpack-4.2.5/lib/action_dispatch/middleware/templates/rescues/diagnostics.html.erb within rescues/layout (60.7ms)
  Rendered /Users/Lili/.rvm/gems/ruby-2.3.1/gems/web-console-2.2.1/lib/web_console/templates/_markup.html.erb (0.3ms)
  Rendered /Users/Lili/.rvm/gems/ruby-2.3.1/gems/web-console-2.2.1/lib/web_console/templates/_inner_console_markup.html.erb within layouts/inlined_string (0.4ms)
  Rendered /Users/Lili/.rvm/gems/ruby-2.3.1/gems/web-console-2.2.1/lib/web_console/templates/_prompt_box_markup.html.erb within layouts/inlined_string (0.3ms)
  Rendered /Users/Lili/.rvm/gems/ruby-2.3.1/gems/web-console-2.2.1/lib/web_console/templates/style.css.erb within layouts/inlined_string (0.5ms)
  Rendered /Users/Lili/.rvm/gems/ruby-2.3.1/gems/web-console-2.2.1/lib/web_console/templates/console.js.erb within layouts/javascript (47.5ms)
  Rendered /Users/Lili/.rvm/gems/ruby-2.3.1/gems/web-console-2.2.1/lib/web_console/templates/main.js.erb within layouts/javascript (0.3ms)
  Rendered /Users/Lili/.rvm/gems/ruby-2.3.1/gems/web-console-2.2.1/lib/web_console/templates/error_page.js.erb within layouts/javascript (0.5ms)
  Rendered /Users/Lili/.rvm/gems/ruby-2.3.1/gems/web-console-2.2.1/lib/web_console/templates/index.html.erb (109.4ms)


Started GET "/posts/1" for ::1 at 2017-06-16 16:10:22 -0400
Processing by PostsController#show as HTML
  Parameters: {"id"=>"1"}
Completed 500 Internal Server Error in 19ms (ActiveRecord: 0.4ms)

NoMethodError (undefined method `helper_method' for #<Class:0x007fd70c6dad40>):
  app/models/post.rb:3:in `<class:Post>'
  app/models/post.rb:1:in `<top (required)>'
  app/controllers/posts_controller.rb:7:in `show'


  Rendered /Users/Lili/.rvm/gems/ruby-2.3.1/gems/actionpack-4.2.5/lib/action_dispatch/middleware/templates/rescues/_source.erb (5.1ms)
  Rendered /Users/Lili/.rvm/gems/ruby-2.3.1/gems/actionpack-4.2.5/lib/action_dispatch/middleware/templates/rescues/_trace.html.erb (2.3ms)
  Rendered /Users/Lili/.rvm/gems/ruby-2.3.1/gems/actionpack-4.2.5/lib/action_dispatch/middleware/templates/rescues/_request_and_response.html.erb (1.0ms)
  Rendered /Users/Lili/.rvm/gems/ruby-2.3.1/gems/actionpack-4.2.5/lib/action_dispatch/middleware/templates/rescues/diagnostics.html.erb within rescues/layout (53.2ms)
  Rendered /Users/Lili/.rvm/gems/ruby-2.3.1/gems/web-console-2.2.1/lib/web_console/templates/_markup.html.erb (0.4ms)
  Rendered /Users/Lili/.rvm/gems/ruby-2.3.1/gems/web-console-2.2.1/lib/web_console/templates/_inner_console_markup.html.erb within layouts/inlined_string (0.3ms)
  Rendered /Users/Lili/.rvm/gems/ruby-2.3.1/gems/web-console-2.2.1/lib/web_console/templates/_prompt_box_markup.html.erb within layouts/inlined_string (0.4ms)
  Rendered /Users/Lili/.rvm/gems/ruby-2.3.1/gems/web-console-2.2.1/lib/web_console/templates/style.css.erb within layouts/inlined_string (0.4ms)
  Rendered /Users/Lili/.rvm/gems/ruby-2.3.1/gems/web-console-2.2.1/lib/web_console/templates/console.js.erb within layouts/javascript (49.7ms)
  Rendered /Users/Lili/.rvm/gems/ruby-2.3.1/gems/web-console-2.2.1/lib/web_console/templates/main.js.erb within layouts/javascript (0.4ms)
  Rendered /Users/Lili/.rvm/gems/ruby-2.3.1/gems/web-console-2.2.1/lib/web_console/templates/error_page.js.erb within layouts/javascript (0.5ms)
  Rendered /Users/Lili/.rvm/gems/ruby-2.3.1/gems/web-console-2.2.1/lib/web_console/templates/index.html.erb (106.1ms)


Started GET "/posts/1" for ::1 at 2017-06-16 16:10:32 -0400
Processing by PostsController#show as HTML
  Parameters: {"id"=>"1"}
  [1m[35mPost Load (0.1ms)[0m  SELECT  "posts".* FROM "posts" WHERE "posts"."id" = ? LIMIT 1  [["id", 1]]
  Rendered posts/show.html.erb within layouts/application (0.7ms)
Completed 200 OK in 47ms (Views: 37.7ms | ActiveRecord: 0.5ms)


Started GET "/posts/1" for ::1 at 2017-06-16 16:16:20 -0400
Processing by PostsController#show as HTML
  Parameters: {"id"=>"1"}
  [1m[36mPost Load (0.2ms)[0m  [1mSELECT  "posts".* FROM "posts" WHERE "posts"."id" = ? LIMIT 1[0m  [["id", 1]]
  Rendered posts/show.html.erb within layouts/application (1.2ms)
Completed 200 OK in 57ms (Views: 37.2ms | ActiveRecord: 0.7ms)
